<?xml version="1.0" encoding="UTF-8"?>
<!-- Generated by org.testng.reporters.JUnitReportReporter -->
<testsuite hostname="LAPTOP-J8MDC32D" failures="0" tests="2" name="testCases.LoginTestVerify" time="5.497" errors="0" timestamp="2024-10-06T18:19:01 IST" skipped="0">
  <testcase classname="testCases.LoginTestVerify" name="testLogin" time="2.555"/>
  <testcase classname="testCases.LoginTestVerify" name="testLogin" time="2.942"/>
</testsuite> <!-- testCases.LoginTestVerify -->
